<?xml version="1.0" encoding="UTF-8"?>
<!-- Generated by org.testng.reporters.JUnitXMLReporter -->
<testsuite ignored="0" hostname="DESKTOP-NOBMCSN" failures="4" tests="10" name="Surefire test" time="20.139" errors="0" timestamp="2026-04-10T09:49:53 IST">
  <testcase classname="testCases.ProductSearchDDT" name="verify_SearchProductDDT" time="1.235">
    <failure type="java.lang.AssertionError" message="Expected page for valid keyword but it was not present: iphone expected [true] but found [false]">
      <![CDATA[java.lang.AssertionError: Expected page for valid keyword but it was not present: iphone expected [true] but found [false]
at testCases.ProductSearchDDT.verify_SearchProductDDT(ProductSearchDDT.java:34)
at java.base/java.util.ArrayList.forEach(ArrayList.java:1596)
... Removed 33 stack frames]]>
    </failure>
  </testcase> <!-- verify_SearchProductDDT -->
  <testcase classname="testCases.ProductSearchDDT" name="verify_SearchProductDDT" time="0.781">
    <failure type="java.lang.AssertionError" message="Expected page for valid keyword but it was not present: Mac expected [true] but found [false]">
      <![CDATA[java.lang.AssertionError: Expected page for valid keyword but it was not present: Mac expected [true] but found [false]
at testCases.ProductSearchDDT.verify_SearchProductDDT(ProductSearchDDT.java:34)
at java.base/java.util.ArrayList.forEach(ArrayList.java:1596)
... Removed 33 stack frames]]>
    </failure>
  </testcase> <!-- verify_SearchProductDDT -->
  <testcase classname="testCases.ProductSearchDDT" name="verify_SearchProductDDT" time="0.715"/>
  <testcase classname="testCases.ProductSearchDDT" name="verify_SearchProductDDT" time="0.743"/>
  <testcase classname="testCases.ProductSearchDDT" name="verify_SearchProductDDT" time="0.929">
    <failure type="java.lang.AssertionError" message="Expected page for valid keyword but it was not present: Monitor expected [true] but found [false]">
      <![CDATA[java.lang.AssertionError: Expected page for valid keyword but it was not present: Monitor expected [true] but found [false]
at testCases.ProductSearchDDT.verify_SearchProductDDT(ProductSearchDDT.java:34)
at java.base/java.util.ArrayList.forEach(ArrayList.java:1596)
... Removed 33 stack frames]]>
    </failure>
  </testcase> <!-- verify_SearchProductDDT -->
  <testcase classname="testCases.ProductSearchDDT" name="verify_SearchProductDDT" time="0.748">
    <failure type="java.lang.AssertionError" message="Expected page for valid keyword but it was not present: Cinema expected [true] but found [false]">
      <![CDATA[java.lang.AssertionError: Expected page for valid keyword but it was not present: Cinema expected [true] but found [false]
at testCases.ProductSearchDDT.verify_SearchProductDDT(ProductSearchDDT.java:34)
at java.base/java.util.ArrayList.forEach(ArrayList.java:1596)
... Removed 33 stack frames]]>
    </failure>
  </testcase> <!-- verify_SearchProductDDT -->
  <testcase classname="testCases.ProductSearchDDT" name="verify_SearchProductDDT" time="0.723"/>
  <testcase classname="testCases.ProductSearchDDT" name="verify_SearchProductDDT" time="0.736"/>
  <testcase classname="testCases.ProductSearchDDT" name="verify_SearchProductDDT" time="0.665"/>
  <testcase classname="testCases.ProductSearchDDT" name="verify_SearchProductDDT" time="0.693"/>
</testsuite> <!-- Surefire test -->
