<?xml version="1.0" encoding="UTF-8"?>
<!-- Generated by org.testng.reporters.JUnitXMLReporter -->
<testsuite ignored="0" hostname="DESKTOP-NOBMCSN" failures="0" tests="4" name="chrometest" time="123.406" errors="0" timestamp="2026-03-16T09:43:04 IST">
  <testcase classname="testCases.Tc001_AccountRegistrationTest" name="verify_account_registration" time="4.613"/>
  <testcase classname="testCases.Tc001_AccountRegistrationTest" name="verify_account_registration" time="2.595"/>
  <testcase classname="testCases.Tc001_AccountRegistrationTest" name="verify_account_registration" time="2.645"/>
  <testcase classname="testCases.Tc002_LoginTest" name="Verify_Login" time="60.351"/>
</testsuite> <!-- chrometest -->
