<?xml version="1.0" encoding="UTF-8"?>
<!-- Generated by org.testng.reporters.JUnitXMLReporter -->
<testsuite ignored="2" hostname="DESKTOP-NOBMCSN" failures="2" tests="6" name="chrometest" time="193.559" errors="0" timestamp="2026-04-22T08:53:54 IST">
  <testcase classname="testCases.Tc005_ProductSearchDDT" name="verify_SearchProductDDT" time="16.374"/>
  <testcase classname="testCases.Tc005_ProductSearchDDT" name="verify_SearchProductDDT" time="20.762"/>
  <testcase classname="testCases.Tc005_ProductSearchDDT" name="verify_SearchProductDDT" time="13.312">
    <failure type="java.lang.AssertionError" message="Expected no products for invalid keyword &amp;apos;Samsung&amp;apos; but product(s) were found. expected [true] but found [false]">
      <![CDATA[java.lang.AssertionError: Expected no products for invalid keyword 'Samsung' but product(s) were found. expected [true] but found [false]
at testCases.Tc005_ProductSearchDDT.verify_SearchProductDDT(Tc005_ProductSearchDDT.java:47)
at java.base/java.util.ArrayList.forEach(ArrayList.java:1596)
... Removed 28 stack frames]]>
    </failure>
  </testcase> <!-- verify_SearchProductDDT -->
  <testcase classname="testCases.Tc005_ProductSearchDDT" name="verify_SearchProductDDT" time="22.914">
    <failure type="java.lang.AssertionError" message="Expected products for keyword &amp;apos;Monitor&amp;apos; but none were found. NoMatchVisible=true expected [true] but found [false]">
      <![CDATA[java.lang.AssertionError: Expected products for keyword 'Monitor' but none were found. NoMatchVisible=true expected [true] but found [false]
at testCases.Tc005_ProductSearchDDT.verify_SearchProductDDT(Tc005_ProductSearchDDT.java:45)
at java.base/java.util.ArrayList.forEach(ArrayList.java:1596)
... Removed 28 stack frames]]>
    </failure>
  </testcase> <!-- verify_SearchProductDDT -->
  <testcase classname="testCases.Tc005_ProductSearchDDT" name="verify_SearchProductDDT" time="12.477"/>
  <testcase classname="testCases.Tc005_ProductSearchDDT" name="verify_SearchProductDDT" time="22.813"/>
  <testcase classname="testCases.Tc005_ProductSearchDDT" name="verify_EmptySearchRepeated" time="0.0">
    <ignored/>
  </testcase> <!-- verify_EmptySearchRepeated -->
  <testcase classname="testCases.Tc005_ProductSearchDDT" name="verify_EmptySearchShowsNoProductPresent" time="0.0">
    <ignored/>
  </testcase> <!-- verify_EmptySearchShowsNoProductPresent -->
</testsuite> <!-- chrometest -->
