<?xml version="1.0" encoding="UTF-8"?>
<testng-results ignored="0" total="4" passed="4" failed="0" skipped="0">
  <reporter-output>
  </reporter-output>
  <suite started-at="2026-03-21T08:10:49 IST" name="Master_Suite" finished-at="2026-03-21T08:13:27 IST" duration-ms="158137">
    <groups>
      <group name="Master">
        <method signature="Tc001_AccountRegistrationTest.verify_account_registration()[pri:0, instance:testCases.Tc001_AccountRegistrationTest@245b4bdc]" name="verify_account_registration" class="testCases.Tc001_AccountRegistrationTest"/>
        <method signature="Tc002_LoginTest.Verify_Login()[pri:0, instance:testCases.Tc002_LoginTest@5158b42f]" name="Verify_Login" class="testCases.Tc002_LoginTest"/>
      </group> <!-- Master -->
      <group name="Sanity">
        <method signature="Tc002_LoginTest.Verify_Login()[pri:0, instance:testCases.Tc002_LoginTest@5158b42f]" name="Verify_Login" class="testCases.Tc002_LoginTest"/>
      </group> <!-- Sanity -->
      <group name="Regression">
        <method signature="Tc001_AccountRegistrationTest.verify_account_registration()[pri:0, instance:testCases.Tc001_AccountRegistrationTest@245b4bdc]" name="verify_account_registration" class="testCases.Tc001_AccountRegistrationTest"/>
      </group> <!-- Regression -->
    </groups>
    <test started-at="2026-03-21T08:10:49 IST" name="chrometest" finished-at="2026-03-21T08:13:27 IST" duration-ms="158137">
      <class name="testCases.Tc001_AccountRegistrationTest">
        <test-method is-config="true" signature="setup(java.lang.String,java.lang.String)[pri:0, instance:testCases.Tc001_AccountRegistrationTest@245b4bdc]" started-at="2026-03-21T08:10:50 IST" name="setup" finished-at="2026-03-21T08:12:17 IST" duration-ms="86888" status="PASS">
          <params>
            <param index="0">
              <value>
                <![CDATA[Windows]]>
              </value>
            </param>
            <param index="1">
              <value>
                <![CDATA[chrome]]>
              </value>
            </param>
          </params>
          <reporter-output>
          </reporter-output>
        </test-method> <!-- setup -->
        <test-method signature="verify_account_registration()[pri:0, instance:testCases.Tc001_AccountRegistrationTest@245b4bdc]" started-at="2026-03-21T08:12:17 IST" name="verify_account_registration" finished-at="2026-03-21T08:12:21 IST" duration-ms="4665" status="PASS">
          <reporter-output>
          </reporter-output>
        </test-method> <!-- verify_account_registration -->
        <test-method signature="verify_account_registration()[pri:0, instance:testCases.Tc001_AccountRegistrationTest@245b4bdc]" started-at="2026-03-21T08:12:21 IST" name="verify_account_registration" finished-at="2026-03-21T08:12:26 IST" duration-ms="4420" status="PASS">
          <reporter-output>
          </reporter-output>
        </test-method> <!-- verify_account_registration -->
        <test-method signature="verify_account_registration()[pri:0, instance:testCases.Tc001_AccountRegistrationTest@245b4bdc]" started-at="2026-03-21T08:12:26 IST" name="verify_account_registration" finished-at="2026-03-21T08:12:31 IST" duration-ms="4906" status="PASS">
          <reporter-output>
          </reporter-output>
        </test-method> <!-- verify_account_registration -->
        <test-method is-config="true" signature="tearDown()[pri:0, instance:testCases.Tc001_AccountRegistrationTest@245b4bdc]" started-at="2026-03-21T08:12:31 IST" name="tearDown" finished-at="2026-03-21T08:12:31 IST" duration-ms="163" status="PASS">
          <reporter-output>
          </reporter-output>
        </test-method> <!-- tearDown -->
      </class> <!-- testCases.Tc001_AccountRegistrationTest -->
      <class name="testCases.Tc002_LoginTest">
        <test-method is-config="true" signature="setup(java.lang.String,java.lang.String)[pri:0, instance:testCases.Tc002_LoginTest@5158b42f]" started-at="2026-03-21T08:12:31 IST" name="setup" finished-at="2026-03-21T08:13:25 IST" duration-ms="54341" status="PASS">
          <params>
            <param index="0">
              <value>
                <![CDATA[Windows]]>
              </value>
            </param>
            <param index="1">
              <value>
                <![CDATA[chrome]]>
              </value>
            </param>
          </params>
          <reporter-output>
          </reporter-output>
        </test-method> <!-- setup -->
        <test-method signature="Verify_Login()[pri:0, instance:testCases.Tc002_LoginTest@5158b42f]" started-at="2026-03-21T08:13:25 IST" name="Verify_Login" finished-at="2026-03-21T08:13:27 IST" duration-ms="2211" status="PASS">
          <reporter-output>
          </reporter-output>
        </test-method> <!-- Verify_Login -->
        <test-method is-config="true" signature="tearDown()[pri:0, instance:testCases.Tc002_LoginTest@5158b42f]" started-at="2026-03-21T08:13:27 IST" name="tearDown" finished-at="2026-03-21T08:13:27 IST" duration-ms="153" status="PASS">
          <reporter-output>
          </reporter-output>
        </test-method> <!-- tearDown -->
      </class> <!-- testCases.Tc002_LoginTest -->
    </test> <!-- chrometest -->
  </suite> <!-- Master_Suite -->
</testng-results>
