<?xml version="1.0" encoding="UTF-8"?>
<!-- Generated by org.testng.reporters.JUnitXMLReporter -->
<testsuite ignored="0" hostname="DESKTOP-NOBMCSN" failures="2" tests="4" name="chrometest(failed)" time="47.634" errors="0" timestamp="2026-02-17T09:33:20 IST">
  <testcase classname="testCases.Tc002_LoginTest" name="Verify_Login" time="3.06"/>
  <testcase classname="testCases.Tc001_AccountRegistrationTest" name="verify_account_registration" time="3.846"/>
  <testcase classname="testCases.Tc001_AccountRegistrationTest" name="verify_account_registration" time="10.204">
    <failure type="java.lang.AssertionError" message="null">
      <![CDATA[java.lang.AssertionError: null
at testCases.Tc001_AccountRegistrationTest.verify_account_registration(Tc001_AccountRegistrationTest.java:55)
at java.base/java.util.ArrayList.forEach(ArrayList.java:1596)
... Removed 27 stack frames]]>
    </failure>
  </testcase> <!-- verify_account_registration -->
  <testcase classname="testCases.Tc001_AccountRegistrationTest" name="verify_account_registration" time="10.174">
    <failure type="java.lang.AssertionError" message="null">
      <![CDATA[java.lang.AssertionError: null
at testCases.Tc001_AccountRegistrationTest.verify_account_registration(Tc001_AccountRegistrationTest.java:55)
at java.base/java.util.ArrayList.forEach(ArrayList.java:1596)
... Removed 27 stack frames]]>
    </failure>
  </testcase> <!-- verify_account_registration -->
</testsuite> <!-- chrometest(failed) -->
