<?xml version="1.0" encoding="UTF-8"?>
<testng-results ignored="2" total="8" passed="4" failed="2" skipped="0">
  <reporter-output>
  </reporter-output>
  <suite started-at="2026-04-22T08:50:39 IST" name="Master_Suite" finished-at="2026-04-22T08:53:52 IST" duration-ms="193559">
    <groups>
      <group name="Datadriven">
        <method signature="Tc005_ProductSearchDDT.verify_SearchProductDDT(java.lang.String,java.lang.String,java.lang.String)[pri:0, instance:testCases.Tc005_ProductSearchDDT@55fe41ea]" name="verify_SearchProductDDT" class="testCases.Tc005_ProductSearchDDT"/>
      </group> <!-- Datadriven -->
    </groups>
    <test started-at="2026-04-22T08:50:39 IST" name="chrometest" finished-at="2026-04-22T08:53:52 IST" duration-ms="193559">
      <class name="testCases.Tc005_ProductSearchDDT">
        <test-method is-config="true" signature="setup(java.lang.String,java.lang.String)[pri:0, instance:testCases.Tc005_ProductSearchDDT@55fe41ea]" started-at="2026-04-22T08:50:40 IST" name="setup" finished-at="2026-04-22T08:51:58 IST" duration-ms="78531" status="PASS">
          <params>
            <param index="0">
              <value>
                <![CDATA[Windows]]>
              </value>
            </param>
            <param index="1">
              <value>
                <![CDATA[chrome]]>
              </value>
            </param>
          </params>
          <reporter-output>
          </reporter-output>
        </test-method> <!-- setup -->
        <test-method signature="verify_SearchProductDDT(java.lang.String,java.lang.String,java.lang.String)[pri:0, instance:testCases.Tc005_ProductSearchDDT@55fe41ea]" started-at="2026-04-22T08:52:03 IST" name="verify_SearchProductDDT" data-provider="SearchData" finished-at="2026-04-22T08:52:19 IST" duration-ms="16374" status="PASS">
          <params>
            <param index="0">
              <value>
                <![CDATA[iphone]]>
              </value>
            </param>
            <param index="1">
              <value>
                <![CDATA[iphone]]>
              </value>
            </param>
            <param index="2">
              <value>
                <![CDATA[Valid]]>
              </value>
            </param>
          </params>
          <reporter-output>
          </reporter-output>
        </test-method> <!-- verify_SearchProductDDT -->
        <test-method signature="verify_SearchProductDDT(java.lang.String,java.lang.String,java.lang.String)[pri:0, instance:testCases.Tc005_ProductSearchDDT@55fe41ea]" started-at="2026-04-22T08:52:19 IST" name="verify_SearchProductDDT" data-provider="SearchData" finished-at="2026-04-22T08:52:40 IST" duration-ms="20762" status="PASS">
          <params>
            <param index="0">
              <value>
                <![CDATA[Mac]]>
              </value>
            </param>
            <param index="1">
              <value>
                <![CDATA[MacBook]]>
              </value>
            </param>
            <param index="2">
              <value>
                <![CDATA[Valid]]>
              </value>
            </param>
          </params>
          <reporter-output>
          </reporter-output>
        </test-method> <!-- verify_SearchProductDDT -->
        <test-method signature="verify_SearchProductDDT(java.lang.String,java.lang.String,java.lang.String)[pri:0, instance:testCases.Tc005_ProductSearchDDT@55fe41ea]" started-at="2026-04-22T08:52:40 IST" name="verify_SearchProductDDT" data-provider="SearchData" finished-at="2026-04-22T08:52:53 IST" duration-ms="13312" status="FAIL">
          <params>
            <param index="0">
              <value>
                <![CDATA[Samsung]]>
              </value>
            </param>
            <param index="1">
              <value>
                <![CDATA[[empty]]]>
              </value>
            </param>
            <param index="2">
              <value>
                <![CDATA[Invalid]]>
              </value>
            </param>
          </params>
          <exception class="java.lang.AssertionError">
            <message>
              <![CDATA[Expected no products for invalid keyword 'Samsung' but product(s) were found. expected [true] but found [false]]]>
            </message>
            <full-stacktrace>
              <![CDATA[java.lang.AssertionError: Expected no products for invalid keyword 'Samsung' but product(s) were found. expected [true] but found [false]
at org.testng.Assert.fail(Assert.java:111)
at org.testng.Assert.failNotEquals(Assert.java:1590)
at org.testng.Assert.assertTrue(Assert.java:57)
at testCases.Tc005_ProductSearchDDT.verify_SearchProductDDT(Tc005_ProductSearchDDT.java:47)
at java.base/jdk.internal.reflect.DirectMethodHandleAccessor.invoke(DirectMethodHandleAccessor.java:103)
at java.base/java.lang.reflect.Method.invoke(Method.java:580)
at org.testng.internal.invokers.MethodInvocationHelper.invokeMethod(MethodInvocationHelper.java:141)
at org.testng.internal.invokers.TestInvoker.invokeMethod(TestInvoker.java:687)
at org.testng.internal.invokers.TestInvoker.invokeTestMethod(TestInvoker.java:230)
at org.testng.internal.invokers.MethodRunner.runInSequence(MethodRunner.java:63)
at org.testng.internal.invokers.TestInvoker$MethodInvocationAgent.invoke(TestInvoker.java:995)
at org.testng.internal.invokers.TestInvoker.invokeTestMethods(TestInvoker.java:203)
at org.testng.internal.invokers.TestMethodWorker.invokeTestMethods(TestMethodWorker.java:154)
at org.testng.internal.invokers.TestMethodWorker.run(TestMethodWorker.java:134)
at java.base/java.util.ArrayList.forEach(ArrayList.java:1596)
at org.testng.TestRunner.privateRun(TestRunner.java:741)
at org.testng.TestRunner.run(TestRunner.java:616)
at org.testng.SuiteRunner.runTest(SuiteRunner.java:421)
at org.testng.SuiteRunner.runSequentially(SuiteRunner.java:413)
at org.testng.SuiteRunner.privateRun(SuiteRunner.java:373)
at org.testng.SuiteRunner.run(SuiteRunner.java:312)
at org.testng.SuiteRunnerWorker.runSuite(SuiteRunnerWorker.java:52)
at org.testng.SuiteRunnerWorker.run(SuiteRunnerWorker.java:95)
at org.testng.TestNG.runSuitesSequentially(TestNG.java:1274)
at org.testng.TestNG.runSuitesLocally(TestNG.java:1208)
at org.testng.TestNG.runSuites(TestNG.java:1112)
at org.testng.TestNG.run(TestNG.java:1079)
at org.testng.remote.AbstractRemoteTestNG.run(AbstractRemoteTestNG.java:115)
at org.testng.remote.RemoteTestNG.initAndRun(RemoteTestNG.java:293)
at org.testng.remote.RemoteTestNG.main(RemoteTestNG.java:91)
]]>
            </full-stacktrace>
          </exception> <!-- java.lang.AssertionError -->
          <reporter-output>
          </reporter-output>
        </test-method> <!-- verify_SearchProductDDT -->
        <test-method signature="verify_SearchProductDDT(java.lang.String,java.lang.String,java.lang.String)[pri:0, instance:testCases.Tc005_ProductSearchDDT@55fe41ea]" started-at="2026-04-22T08:52:53 IST" name="verify_SearchProductDDT" data-provider="SearchData" finished-at="2026-04-22T08:53:16 IST" duration-ms="22914" status="FAIL">
          <params>
            <param index="0">
              <value>
                <![CDATA[Monitor]]>
              </value>
            </param>
            <param index="1">
              <value>
                <![CDATA[Samsung SyncMaster]]>
              </value>
            </param>
            <param index="2">
              <value>
                <![CDATA[Valid]]>
              </value>
            </param>
          </params>
          <exception class="java.lang.AssertionError">
            <message>
              <![CDATA[Expected products for keyword 'Monitor' but none were found. NoMatchVisible=true expected [true] but found [false]]]>
            </message>
            <full-stacktrace>
              <![CDATA[java.lang.AssertionError: Expected products for keyword 'Monitor' but none were found. NoMatchVisible=true expected [true] but found [false]
at org.testng.Assert.fail(Assert.java:111)
at org.testng.Assert.failNotEquals(Assert.java:1590)
at org.testng.Assert.assertTrue(Assert.java:57)
at testCases.Tc005_ProductSearchDDT.verify_SearchProductDDT(Tc005_ProductSearchDDT.java:45)
at java.base/jdk.internal.reflect.DirectMethodHandleAccessor.invoke(DirectMethodHandleAccessor.java:103)
at java.base/java.lang.reflect.Method.invoke(Method.java:580)
at org.testng.internal.invokers.MethodInvocationHelper.invokeMethod(MethodInvocationHelper.java:141)
at org.testng.internal.invokers.TestInvoker.invokeMethod(TestInvoker.java:687)
at org.testng.internal.invokers.TestInvoker.invokeTestMethod(TestInvoker.java:230)
at org.testng.internal.invokers.MethodRunner.runInSequence(MethodRunner.java:63)
at org.testng.internal.invokers.TestInvoker$MethodInvocationAgent.invoke(TestInvoker.java:995)
at org.testng.internal.invokers.TestInvoker.invokeTestMethods(TestInvoker.java:203)
at org.testng.internal.invokers.TestMethodWorker.invokeTestMethods(TestMethodWorker.java:154)
at org.testng.internal.invokers.TestMethodWorker.run(TestMethodWorker.java:134)
at java.base/java.util.ArrayList.forEach(ArrayList.java:1596)
at org.testng.TestRunner.privateRun(TestRunner.java:741)
at org.testng.TestRunner.run(TestRunner.java:616)
at org.testng.SuiteRunner.runTest(SuiteRunner.java:421)
at org.testng.SuiteRunner.runSequentially(SuiteRunner.java:413)
at org.testng.SuiteRunner.privateRun(SuiteRunner.java:373)
at org.testng.SuiteRunner.run(SuiteRunner.java:312)
at org.testng.SuiteRunnerWorker.runSuite(SuiteRunnerWorker.java:52)
at org.testng.SuiteRunnerWorker.run(SuiteRunnerWorker.java:95)
at org.testng.TestNG.runSuitesSequentially(TestNG.java:1274)
at org.testng.TestNG.runSuitesLocally(TestNG.java:1208)
at org.testng.TestNG.runSuites(TestNG.java:1112)
at org.testng.TestNG.run(TestNG.java:1079)
at org.testng.remote.AbstractRemoteTestNG.run(AbstractRemoteTestNG.java:115)
at org.testng.remote.RemoteTestNG.initAndRun(RemoteTestNG.java:293)
at org.testng.remote.RemoteTestNG.main(RemoteTestNG.java:91)
]]>
            </full-stacktrace>
          </exception> <!-- java.lang.AssertionError -->
          <reporter-output>
          </reporter-output>
        </test-method> <!-- verify_SearchProductDDT -->
        <test-method signature="verify_SearchProductDDT(java.lang.String,java.lang.String,java.lang.String)[pri:0, instance:testCases.Tc005_ProductSearchDDT@55fe41ea]" started-at="2026-04-22T08:53:17 IST" name="verify_SearchProductDDT" data-provider="SearchData" finished-at="2026-04-22T08:53:29 IST" duration-ms="12477" status="PASS">
          <params>
            <param index="0">
              <value>
                <![CDATA[Cinema]]>
              </value>
            </param>
            <param index="1">
              <value>
                <![CDATA[Apple Cinema 30]]>
              </value>
            </param>
            <param index="2">
              <value>
                <![CDATA[Valid]]>
              </value>
            </param>
          </params>
          <reporter-output>
          </reporter-output>
        </test-method> <!-- verify_SearchProductDDT -->
        <test-method signature="verify_SearchProductDDT(java.lang.String,java.lang.String,java.lang.String)[pri:0, instance:testCases.Tc005_ProductSearchDDT@55fe41ea]" started-at="2026-04-22T08:53:29 IST" name="verify_SearchProductDDT" data-provider="SearchData" finished-at="2026-04-22T08:53:52 IST" duration-ms="22813" status="PASS">
          <params>
            <param index="0">
              <value>
                <![CDATA[#]]>
              </value>
            </param>
            <param index="1">
              <value>
                <![CDATA[[empty]]]>
              </value>
            </param>
            <param index="2">
              <value>
                <![CDATA[Invalid]]>
              </value>
            </param>
          </params>
          <reporter-output>
          </reporter-output>
        </test-method> <!-- verify_SearchProductDDT -->
        <test-method is-config="true" signature="tearDown()[pri:0, instance:testCases.Tc005_ProductSearchDDT@55fe41ea]" started-at="2026-04-22T08:53:52 IST" name="tearDown" finished-at="2026-04-22T08:53:52 IST" duration-ms="480" status="PASS">
          <reporter-output>
          </reporter-output>
        </test-method> <!-- tearDown -->
      </class> <!-- testCases.Tc005_ProductSearchDDT -->
    </test> <!-- chrometest -->
  </suite> <!-- Master_Suite -->
</testng-results>
