<?xml version="1.0" encoding="UTF-8"?>
<!-- Generated by org.testng.reporters.JUnitReportReporter -->
<testsuite hostname="DESKTOP-NOBMCSN" failures="0" tests="3" name="testCases.Tc001_AccountRegistrationTest" time="16.088" errors="0" timestamp="2026-03-30T09:22:44 IST" skipped="0">
  <testcase classname="testCases.Tc001_AccountRegistrationTest" name="verify_account_registration" time="4.682"/>
  <testcase classname="testCases.Tc001_AccountRegistrationTest" name="verify_account_registration" time="7.130"/>
  <testcase classname="testCases.Tc001_AccountRegistrationTest" name="verify_account_registration" time="4.276"/>
</testsuite> <!-- testCases.Tc001_AccountRegistrationTest -->
