<?xml version="1.0" encoding="UTF-8"?>
<!-- Generated by org.testng.reporters.JUnitReportReporter -->
<testsuite hostname="DESKTOP-NOBMCSN" failures="0" tests="3" name="testCases.Tc001_AccountRegistrationTest" time="13.991" errors="0" timestamp="2026-03-21T08:13:29 IST" skipped="0">
  <testcase classname="testCases.Tc001_AccountRegistrationTest" name="verify_account_registration" time="4.665"/>
  <testcase classname="testCases.Tc001_AccountRegistrationTest" name="verify_account_registration" time="4.906"/>
  <testcase classname="testCases.Tc001_AccountRegistrationTest" name="verify_account_registration" time="4.420"/>
</testsuite> <!-- testCases.Tc001_AccountRegistrationTest -->
